This is pdfTeX, Version 3.14159265-2.6-1.40.18 (TeX Live 2017/Debian) (preloaded format=pdflatex 2018.2.5)  22 APR 2018 12:35
entering extended mode
 restricted \write18 enabled.
 %&-line parsing enabled.
**main.tex
(./main.tex
LaTeX2e <2017-04-15>
Babel <3.15> and hyphenation patterns for 6 language(s) loaded.
(/usr/share/texlive/texmf-dist/tex/latex/base/book.cls
Document Class: book 2014/09/29 v1.4h Standard LaTeX document class
(/usr/share/texlive/texmf-dist/tex/latex/base/bk11.clo
File: bk11.clo 2014/09/29 v1.4h Standard LaTeX file (size option)
)
\c@part=\count79
\c@chapter=\count80
\c@section=\count81
\c@subsection=\count82
\c@subsubsection=\count83
\c@paragraph=\count84
\c@subparagraph=\count85
\c@figure=\count86
\c@table=\count87
\abovecaptionskip=\skip41
\belowcaptionskip=\skip42
\bibindent=\dimen102
)
(./formatos/packages.tex
(/usr/share/texlive/texmf-dist/tex/latex/wallpaper/wallpaper.sty
Package: wallpaper 2005/01/18, v1.01 easy wallpaper formatting (MHFW)

(/usr/share/texlive/texmf-dist/tex/latex/base/ifthen.sty
Package: ifthen 2014/09/29 v1.1c Standard LaTeX ifthen package (DPC)
)
(/usr/share/texlive/texmf-dist/tex/latex/tools/calc.sty
Package: calc 2014/10/28 v4.3 Infix arithmetic (KKT,FJ)
\calc@Acount=\count88
\calc@Bcount=\count89
\calc@Adimen=\dimen103
\calc@Bdimen=\dimen104
\calc@Askip=\skip43
\calc@Bskip=\skip44
LaTeX Info: Redefining \setlength on input line 80.
LaTeX Info: Redefining \addtolength on input line 81.
\calc@Ccount=\count90
\calc@Cskip=\skip45
)
(/usr/share/texlive/texmf-dist/tex/latex/eso-pic/eso-pic.sty
Package: eso-pic 2015/07/21 v2.0g eso-pic (RN)

(/usr/share/texlive/texmf-dist/tex/generic/oberdiek/atbegshi.sty
Package: atbegshi 2016/06/09 v1.18 At begin shipout hook (HO)

(/usr/share/texlive/texmf-dist/tex/generic/oberdiek/infwarerr.sty
Package: infwarerr 2016/05/16 v1.4 Providing info/warning/error messages (HO)
)
(/usr/share/texlive/texmf-dist/tex/generic/oberdiek/ltxcmds.sty
Package: ltxcmds 2016/05/16 v1.23 LaTeX kernel commands for general use (HO)
)
(/usr/share/texlive/texmf-dist/tex/generic/oberdiek/ifpdf.sty
Package: ifpdf 2017/03/15 v3.2 Provides the ifpdf switch
))
(/usr/share/texlive/texmf-dist/tex/latex/graphics/keyval.sty
Package: keyval 2014/10/28 v1.15 key=value parser (DPC)
\KV@toks@=\toks14
)
(/usr/share/texlive/texmf-dist/tex/latex/xcolor/xcolor.sty
Package: xcolor 2016/05/11 v2.12 LaTeX color extensions (UK)

(/usr/share/texlive/texmf-dist/tex/latex/graphics-cfg/color.cfg
File: color.cfg 2016/01/02 v1.6 sample color configuration
)
Package xcolor Info: Driver file: pdftex.def on input line 225.

(/usr/share/texlive/texmf-dist/tex/latex/graphics-def/pdftex.def
File: pdftex.def 2018/01/01 v1.0k Graphics/color driver for pdftex
)
Package xcolor Info: Model `cmy' substituted by `cmy0' on input line 1348.
Package xcolor Info: Model `hsb' substituted by `rgb' on input line 1352.
Package xcolor Info: Model `RGB' extended on input line 1364.
Package xcolor Info: Model `HTML' substituted by `rgb' on input line 1366.
Package xcolor Info: Model `Hsb' substituted by `hsb' on input line 1367.
Package xcolor Info: Model `tHsb' substituted by `hsb' on input line 1368.
Package xcolor Info: Model `HSB' substituted by `hsb' on input line 1369.
Package xcolor Info: Model `Gray' substituted by `gray' on input line 1370.
Package xcolor Info: Model `wave' substituted by `hsb' on input line 1371.
))
(/usr/share/texlive/texmf-dist/tex/latex/graphics/graphicx.sty
Package: graphicx 2017/06/01 v1.1a Enhanced LaTeX Graphics (DPC,SPQR)

(/usr/share/texlive/texmf-dist/tex/latex/graphics/graphics.sty
Package: graphics 2017/06/25 v1.2c Standard LaTeX Graphics (DPC,SPQR)

(/usr/share/texlive/texmf-dist/tex/latex/graphics/trig.sty
Package: trig 2016/01/03 v1.10 sin cos tan (DPC)
)
(/usr/share/texlive/texmf-dist/tex/latex/graphics-cfg/graphics.cfg
File: graphics.cfg 2016/06/04 v1.11 sample graphics configuration
)
Package graphics Info: Driver file: pdftex.def on input line 99.
)
\Gin@req@height=\dimen105
\Gin@req@width=\dimen106
)
\wpXoffset=\skip46
\wpYoffset=\skip47
\tileXoffset=\skip48
\tileYoffset=\skip49
\tilewidth=\skip50
\tileheight=\skip51
\tileX=\skip52
\tileY=\skip53
)
(/usr/share/texlive/texmf-dist/tex/latex/oberdiek/pdflscape.sty
Package: pdflscape 2016/05/14 v0.11 Display of landscape pages in PDF (HO)

(/usr/share/texlive/texmf-dist/tex/latex/graphics/lscape.sty
Package: lscape 2000/10/22 v3.01 Landscape Pages (DPC)
)
Package pdflscape Info: Auto-detected driver: pdftex on input line 81.

(/usr/share/texlive/texmf-dist/tex/generic/ifxetex/ifxetex.sty
Package: ifxetex 2010/09/12 v0.6 Provides ifxetex conditional
))
(/usr/share/texlive/texmf-dist/tex/latex/base/inputenc.sty
Package: inputenc 2015/03/17 v1.2c Input encoding file
\inpenc@prehook=\toks15
\inpenc@posthook=\toks16

(/usr/share/texlive/texmf-dist/tex/latex/base/utf8.def
File: utf8.def 2017/01/28 v1.1t UTF-8 support for inputenc
Now handling font encoding OML ...
... no UTF-8 mapping file for font encoding OML
Now handling font encoding T1 ...
... processing UTF-8 mapping file for font encoding T1

(/usr/share/texlive/texmf-dist/tex/latex/base/t1enc.dfu
File: t1enc.dfu 2017/01/28 v1.1t UTF-8 support for inputenc
   defining Unicode char U+00A0 (decimal 160)
   defining Unicode char U+00A1 (decimal 161)
   defining Unicode char U+00A3 (decimal 163)
   defining Unicode char U+00AB (decimal 171)
   defining Unicode char U+00AD (decimal 173)
   defining Unicode char U+00BB (decimal 187)
   defining Unicode char U+00BF (decimal 191)
   defining Unicode char U+00C0 (decimal 192)
   defining Unicode char U+00C1 (decimal 193)
   defining Unicode char U+00C2 (decimal 194)
   defining Unicode char U+00C3 (decimal 195)
   defining Unicode char U+00C4 (decimal 196)
   defining Unicode char U+00C5 (decimal 197)
   defining Unicode char U+00C6 (decimal 198)
   defining Unicode char U+00C7 (decimal 199)
   defining Unicode char U+00C8 (decimal 200)
   defining Unicode char U+00C9 (decimal 201)
   defining Unicode char U+00CA (decimal 202)
   defining Unicode char U+00CB (decimal 203)
   defining Unicode char U+00CC (decimal 204)
   defining Unicode char U+00CD (decimal 205)
   defining Unicode char U+00CE (decimal 206)
   defining Unicode char U+00CF (decimal 207)
   defining Unicode char U+00D0 (decimal 208)
   defining Unicode char U+00D1 (decimal 209)
   defining Unicode char U+00D2 (decimal 210)
   defining Unicode char U+00D3 (decimal 211)
   defining Unicode char U+00D4 (decimal 212)
   defining Unicode char U+00D5 (decimal 213)
   defining Unicode char U+00D6 (decimal 214)
   defining Unicode char U+00D8 (decimal 216)
   defining Unicode char U+00D9 (decimal 217)
   defining Unicode char U+00DA (decimal 218)
   defining Unicode char U+00DB (decimal 219)
   defining Unicode char U+00DC (decimal 220)
   defining Unicode char U+00DD (decimal 221)
   defining Unicode char U+00DE (decimal 222)
   defining Unicode char U+00DF (decimal 223)
   defining Unicode char U+00E0 (decimal 224)
   defining Unicode char U+00E1 (decimal 225)
   defining Unicode char U+00E2 (decimal 226)
   defining Unicode char U+00E3 (decimal 227)
   defining Unicode char U+00E4 (decimal 228)
   defining Unicode char U+00E5 (decimal 229)
   defining Unicode char U+00E6 (decimal 230)
   defining Unicode char U+00E7 (decimal 231)
   defining Unicode char U+00E8 (decimal 232)
   defining Unicode char U+00E9 (decimal 233)
   defining Unicode char U+00EA (decimal 234)
   defining Unicode char U+00EB (decimal 235)
   defining Unicode char U+00EC (decimal 236)
   defining Unicode char U+00ED (decimal 237)
   defining Unicode char U+00EE (decimal 238)
   defining Unicode char U+00EF (decimal 239)
   defining Unicode char U+00F0 (decimal 240)
   defining Unicode char U+00F1 (decimal 241)
   defining Unicode char U+00F2 (decimal 242)
   defining Unicode char U+00F3 (decimal 243)
   defining Unicode char U+00F4 (decimal 244)
   defining Unicode char U+00F5 (decimal 245)
   defining Unicode char U+00F6 (decimal 246)
   defining Unicode char U+00F8 (decimal 248)
   defining Unicode char U+00F9 (decimal 249)
   defining Unicode char U+00FA (decimal 250)
   defining Unicode char U+00FB (decimal 251)
   defining Unicode char U+00FC (decimal 252)
   defining Unicode char U+00FD (decimal 253)
   defining Unicode char U+00FE (decimal 254)
   defining Unicode char U+00FF (decimal 255)
   defining Unicode char U+0100 (decimal 256)
   defining Unicode char U+0101 (decimal 257)
   defining Unicode char U+0102 (decimal 258)
   defining Unicode char U+0103 (decimal 259)
   defining Unicode char U+0104 (decimal 260)
   defining Unicode char U+0105 (decimal 261)
   defining Unicode char U+0106 (decimal 262)
   defining Unicode char U+0107 (decimal 263)
   defining Unicode char U+0108 (decimal 264)
   defining Unicode char U+0109 (decimal 265)
   defining Unicode char U+010A (decimal 266)
   defining Unicode char U+010B (decimal 267)
   defining Unicode char U+010C (decimal 268)
   defining Unicode char U+010D (decimal 269)
   defining Unicode char U+010E (decimal 270)
   defining Unicode char U+010F (decimal 271)
   defining Unicode char U+0110 (decimal 272)
   defining Unicode char U+0111 (decimal 273)
   defining Unicode char U+0112 (decimal 274)
   defining Unicode char U+0113 (decimal 275)
   defining Unicode char U+0114 (decimal 276)
   defining Unicode char U+0115 (decimal 277)
   defining Unicode char U+0116 (decimal 278)
   defining Unicode char U+0117 (decimal 279)
   defining Unicode char U+0118 (decimal 280)
   defining Unicode char U+0119 (decimal 281)
   defining Unicode char U+011A (decimal 282)
   defining Unicode char U+011B (decimal 283)
   defining Unicode char U+011C (decimal 284)
   defining Unicode char U+011D (decimal 285)
   defining Unicode char U+011E (decimal 286)
   defining Unicode char U+011F (decimal 287)
   defining Unicode char U+0120 (decimal 288)
   defining Unicode char U+0121 (decimal 289)
   defining Unicode char U+0122 (decimal 290)
   defining Unicode char U+0123 (decimal 291)
   defining Unicode char U+0124 (decimal 292)
   defining Unicode char U+0125 (decimal 293)
   defining Unicode char U+0128 (decimal 296)
   defining Unicode char U+0129 (decimal 297)
   defining Unicode char U+012A (decimal 298)
   defining Unicode char U+012B (decimal 299)
   defining Unicode char U+012C (decimal 300)
   defining Unicode char U+012D (decimal 301)
   defining Unicode char U+012E (decimal 302)
   defining Unicode char U+012F (decimal 303)
   defining Unicode char U+0130 (decimal 304)
   defining Unicode char U+0131 (decimal 305)
   defining Unicode char U+0132 (decimal 306)
   defining Unicode char U+0133 (decimal 307)
   defining Unicode char U+0134 (decimal 308)
   defining Unicode char U+0135 (decimal 309)
   defining Unicode char U+0136 (decimal 310)
   defining Unicode char U+0137 (decimal 311)
   defining Unicode char U+0139 (decimal 313)
   defining Unicode char U+013A (decimal 314)
   defining Unicode char U+013B (decimal 315)
   defining Unicode char U+013C (decimal 316)
   defining Unicode char U+013D (decimal 317)
   defining Unicode char U+013E (decimal 318)
   defining Unicode char U+0141 (decimal 321)
   defining Unicode char U+0142 (decimal 322)
   defining Unicode char U+0143 (decimal 323)
   defining Unicode char U+0144 (decimal 324)
   defining Unicode char U+0145 (decimal 325)
   defining Unicode char U+0146 (decimal 326)
   defining Unicode char U+0147 (decimal 327)
   defining Unicode char U+0148 (decimal 328)
   defining Unicode char U+014A (decimal 330)
   defining Unicode char U+014B (decimal 331)
   defining Unicode char U+014C (decimal 332)
   defining Unicode char U+014D (decimal 333)
   defining Unicode char U+014E (decimal 334)
   defining Unicode char U+014F (decimal 335)
   defining Unicode char U+0150 (decimal 336)
   defining Unicode char U+0151 (decimal 337)
   defining Unicode char U+0152 (decimal 338)
   defining Unicode char U+0153 (decimal 339)
   defining Unicode char U+0154 (decimal 340)
   defining Unicode char U+0155 (decimal 341)
   defining Unicode char U+0156 (decimal 342)
   defining Unicode char U+0157 (decimal 343)
   defining Unicode char U+0158 (decimal 344)
   defining Unicode char U+0159 (decimal 345)
   defining Unicode char U+015A (decimal 346)
   defining Unicode char U+015B (decimal 347)
   defining Unicode char U+015C (decimal 348)
   defining Unicode char U+015D (decimal 349)
   defining Unicode char U+015E (decimal 350)
   defining Unicode char U+015F (decimal 351)
   defining Unicode char U+0160 (decimal 352)
   defining Unicode char U+0161 (decimal 353)
   defining Unicode char U+0162 (decimal 354)
   defining Unicode char U+0163 (decimal 355)
   defining Unicode char U+0164 (decimal 356)
   defining Unicode char U+0165 (decimal 357)
   defining Unicode char U+0168 (decimal 360)
   defining Unicode char U+0169 (decimal 361)
   defining Unicode char U+016A (decimal 362)
   defining Unicode char U+016B (decimal 363)
   defining Unicode char U+016C (decimal 364)
   defining Unicode char U+016D (decimal 365)
   defining Unicode char U+016E (decimal 366)
   defining Unicode char U+016F (decimal 367)
   defining Unicode char U+0170 (decimal 368)
   defining Unicode char U+0171 (decimal 369)
   defining Unicode char U+0172 (decimal 370)
   defining Unicode char U+0173 (decimal 371)
   defining Unicode char U+0174 (decimal 372)
   defining Unicode char U+0175 (decimal 373)
   defining Unicode char U+0176 (decimal 374)
   defining Unicode char U+0177 (decimal 375)
   defining Unicode char U+0178 (decimal 376)
   defining Unicode char U+0179 (decimal 377)
   defining Unicode char U+017A (decimal 378)
   defining Unicode char U+017B (decimal 379)
   defining Unicode char U+017C (decimal 380)
   defining Unicode char U+017D (decimal 381)
   defining Unicode char U+017E (decimal 382)
   defining Unicode char U+01CD (decimal 461)
   defining Unicode char U+01CE (decimal 462)
   defining Unicode char U+01CF (decimal 463)
   defining Unicode char U+01D0 (decimal 464)
   defining Unicode char U+01D1 (decimal 465)
   defining Unicode char U+01D2 (decimal 466)
   defining Unicode char U+01D3 (decimal 467)
   defining Unicode char U+01D4 (decimal 468)
   defining Unicode char U+01E2 (decimal 482)
   defining Unicode char U+01E3 (decimal 483)
   defining Unicode char U+01E6 (decimal 486)
   defining Unicode char U+01E7 (decimal 487)
   defining Unicode char U+01E8 (decimal 488)
   defining Unicode char U+01E9 (decimal 489)
   defining Unicode char U+01EA (decimal 490)
   defining Unicode char U+01EB (decimal 491)
   defining Unicode char U+01F0 (decimal 496)
   defining Unicode char U+01F4 (decimal 500)
   defining Unicode char U+01F5 (decimal 501)
   defining Unicode char U+0218 (decimal 536)
   defining Unicode char U+0219 (decimal 537)
   defining Unicode char U+021A (decimal 538)
   defining Unicode char U+021B (decimal 539)
   defining Unicode char U+0232 (decimal 562)
   defining Unicode char U+0233 (decimal 563)
   defining Unicode char U+1E02 (decimal 7682)
   defining Unicode char U+1E03 (decimal 7683)
   defining Unicode char U+200C (decimal 8204)
   defining Unicode char U+2010 (decimal 8208)
   defining Unicode char U+2011 (decimal 8209)
   defining Unicode char U+2012 (decimal 8210)
   defining Unicode char U+2013 (decimal 8211)
   defining Unicode char U+2014 (decimal 8212)
   defining Unicode char U+2015 (decimal 8213)
   defining Unicode char U+2018 (decimal 8216)
   defining Unicode char U+2019 (decimal 8217)
   defining Unicode char U+201A (decimal 8218)
   defining Unicode char U+201C (decimal 8220)
   defining Unicode char U+201D (decimal 8221)
   defining Unicode char U+201E (decimal 8222)
   defining Unicode char U+2030 (decimal 8240)
   defining Unicode char U+2031 (decimal 8241)
   defining Unicode char U+2039 (decimal 8249)
   defining Unicode char U+203A (decimal 8250)
   defining Unicode char U+2423 (decimal 9251)
   defining Unicode char U+1E20 (decimal 7712)
   defining Unicode char U+1E21 (decimal 7713)
)
Now handling font encoding OT1 ...
... processing UTF-8 mapping file for font encoding OT1

(/usr/share/texlive/texmf-dist/tex/latex/base/ot1enc.dfu
File: ot1enc.dfu 2017/01/28 v1.1t UTF-8 support for inputenc
   defining Unicode char U+00A0 (decimal 160)
   defining Unicode char U+00A1 (decimal 161)
   defining Unicode char U+00A3 (decimal 163)
   defining Unicode char U+00AD (decimal 173)
   defining Unicode char U+00B8 (decimal 184)
   defining Unicode char U+00BF (decimal 191)
   defining Unicode char U+00C5 (decimal 197)
   defining Unicode char U+00C6 (decimal 198)
   defining Unicode char U+00D8 (decimal 216)
   defining Unicode char U+00DF (decimal 223)
   defining Unicode char U+00E6 (decimal 230)
   defining Unicode char U+00EC (decimal 236)
   defining Unicode char U+00ED (decimal 237)
   defining Unicode char U+00EE (decimal 238)
   defining Unicode char U+00EF (decimal 239)
   defining Unicode char U+00F8 (decimal 248)
   defining Unicode char U+0131 (decimal 305)
   defining Unicode char U+0141 (decimal 321)
   defining Unicode char U+0142 (decimal 322)
   defining Unicode char U+0152 (decimal 338)
   defining Unicode char U+0153 (decimal 339)
   defining Unicode char U+0174 (decimal 372)
   defining Unicode char U+0175 (decimal 373)
   defining Unicode char U+0176 (decimal 374)
   defining Unicode char U+0177 (decimal 375)
   defining Unicode char U+0218 (decimal 536)
   defining Unicode char U+0219 (decimal 537)
   defining Unicode char U+021A (decimal 538)
   defining Unicode char U+021B (decimal 539)
   defining Unicode char U+2013 (decimal 8211)
   defining Unicode char U+2014 (decimal 8212)
   defining Unicode char U+2018 (decimal 8216)
   defining Unicode char U+2019 (decimal 8217)
   defining Unicode char U+201C (decimal 8220)
   defining Unicode char U+201D (decimal 8221)
)
Now handling font encoding OMS ...
... processing UTF-8 mapping file for font encoding OMS

(/usr/share/texlive/texmf-dist/tex/latex/base/omsenc.dfu
File: omsenc.dfu 2017/01/28 v1.1t UTF-8 support for inputenc
   defining Unicode char U+00A7 (decimal 167)
   defining Unicode char U+00B6 (decimal 182)
   defining Unicode char U+00B7 (decimal 183)
   defining Unicode char U+2020 (decimal 8224)
   defining Unicode char U+2021 (decimal 8225)
   defining Unicode char U+2022 (decimal 8226)
)
Now handling font encoding OMX ...
... no UTF-8 mapping file for font encoding OMX
Now handling font encoding U ...
... no UTF-8 mapping file for font encoding U
   defining Unicode char U+00A9 (decimal 169)
   defining Unicode char U+00AA (decimal 170)
   defining Unicode char U+00AE (decimal 174)
   defining Unicode char U+00BA (decimal 186)
   defining Unicode char U+02C6 (decimal 710)
   defining Unicode char U+02DC (decimal 732)
   defining Unicode char U+200C (decimal 8204)
   defining Unicode char U+2026 (decimal 8230)
   defining Unicode char U+2122 (decimal 8482)
   defining Unicode char U+2423 (decimal 9251)
))
(/usr/share/texlive/texmf-dist/tex/generic/babel/babel.sty
Package: babel 2017/11/03 3.15 The Babel package

(/usr/share/texlive/texmf-dist/tex/generic/babel/switch.def
File: switch.def 2017/11/03 3.15 Babel switching mechanism
)
(/usr/share/texlive/texmf-dist/tex/generic/babel-spanish/spanish.ldf
Language: spanish.ldf 2016/03/03 v5.0p Spanish support from the babel system

(/usr/share/texlive/texmf-dist/tex/generic/babel/babel.def
File: babel.def 2017/11/03 3.15 Babel common definitions

(/usr/share/texlive/texmf-dist/tex/generic/babel/switch.def
File: switch.def 2017/11/03 3.15 Babel switching mechanism
)
\babel@savecnt=\count91
\U@D=\dimen107
)
\es@quottoks=\toks17
\es@quotdepth=\count92
Package babel Info: Making " an active character on input line 561.
Package babel Info: Making . an active character on input line 662.
Package babel Info: Making < an active character on input line 707.
Package babel Info: Making > an active character on input line 707.
))
LaTeX Info: Redefining \. on input line 8.
LaTeX Info: Redefining \% on input line 8.

(/usr/share/texlive/texmf-dist/tex/latex/wrapfig/wrapfig.sty
\wrapoverhang=\dimen108
\WF@size=\dimen109
\c@WF@wrappedlines=\count93
\WF@box=\box26
\WF@everypar=\toks18
Package: wrapfig 2003/01/31  v 3.6
)
(/usr/share/texlive/texmf-dist/tex/latex/caption/caption.sty
Package: caption 2016/02/21 v3.3-144 Customizing captions (AR)

(/usr/share/texlive/texmf-dist/tex/latex/caption/caption3.sty
Package: caption3 2016/05/22 v1.7-166 caption3 kernel (AR)
Package caption3 Info: TeX engine: e-TeX on input line 67.
\captionmargin=\dimen110
\captionmargin@=\dimen111
\captionwidth=\dimen112
\caption@tempdima=\dimen113
\caption@indent=\dimen114
\caption@parindent=\dimen115
\caption@hangindent=\dimen116
)
\c@ContinuedFloat=\count94
Package caption Info: wrapfig package is loaded.
)
(/usr/share/texlive/texmf-dist/tex/latex/caption/subcaption.sty
Package: subcaption 2016/05/22 v1.1-161 Sub-captions (AR)
\c@subfigure=\count95
\c@subtable=\count96
)
(/usr/share/texlive/texmf-dist/tex/latex/tocbibind/tocbibind.sty
Package: tocbibind 2010/10/13 v1.5k extra ToC listings
Package tocbibind Info: The document has chapter divisions on input line 50.


Package tocbibind Note: Using chapter style headings, unless overridden.

) (/usr/share/texlive/texmf-dist/tex/latex/url/url.sty
\Urlmuskip=\muskip10
Package: url 2013/09/16  ver 3.4  Verb mode for urls, etc.
))
(/usr/share/texlive/texmf-dist/tex/generic/oberdiek/hologo.sty
Package: hologo 2016/05/16 v1.12 A logo collection with bookmark support (HO)

(/usr/share/texlive/texmf-dist/tex/generic/oberdiek/kvsetkeys.sty
Package: kvsetkeys 2016/05/16 v1.17 Key value parser (HO)

(/usr/share/texlive/texmf-dist/tex/generic/oberdiek/etexcmds.sty
Package: etexcmds 2016/05/16 v1.6 Avoid name clashes with e-TeX commands (HO)

(/usr/share/texlive/texmf-dist/tex/generic/oberdiek/ifluatex.sty
Package: ifluatex 2016/05/16 v1.4 Provides the ifluatex switch (HO)
Package ifluatex Info: LuaTeX not detected.
)
Package etexcmds Info: Could not find \expanded.
(etexcmds)             That can mean that you are not using pdfTeX 1.50 or
(etexcmds)             that some package has redefined \expanded.
(etexcmds)             In the latter case, load this package earlier.
))
(/usr/share/texlive/texmf-dist/tex/generic/oberdiek/kvdefinekeys.sty
Package: kvdefinekeys 2016/05/16 v1.4 Define keys (HO)
)
(/usr/share/texlive/texmf-dist/tex/generic/oberdiek/pdftexcmds.sty
Package: pdftexcmds 2017/03/19 v0.25 Utility functions of pdfTeX for LuaTeX (HO
)
Package pdftexcmds Info: LuaTeX not detected.
Package pdftexcmds Info: \pdf@primitive is available.
Package pdftexcmds Info: \pdf@ifprimitive is available.
Package pdftexcmds Info: \pdfdraftmode found.
)
(/usr/share/texlive/texmf-dist/tex/generic/oberdiek/ifvtex.sty
Package: ifvtex 2016/05/16 v1.6 Detect VTeX and its facilities (HO)
Package ifvtex Info: VTeX not detected.
))
(../utiles/datos-proyecto.tex) (./formatos/texto.tex
(/usr/share/texlive/texmf-dist/tex/latex/geometry/geometry.sty
Package: geometry 2010/09/12 v5.6 Page Geometry
\Gm@cnth=\count97
\Gm@cntv=\count98
\c@Gm@tempcnt=\count99
\Gm@bindingoffset=\dimen117
\Gm@wd@mp=\dimen118
\Gm@odd@mp=\dimen119
\Gm@even@mp=\dimen120
\Gm@layoutwidth=\dimen121
\Gm@layoutheight=\dimen122
\Gm@layouthoffset=\dimen123
\Gm@layoutvoffset=\dimen124
\Gm@dimlist=\toks19
)
(/usr/share/texlive/texmf-dist/tex/latex/blindtext/blindtext.sty
Package: blindtext 2012/01/06 V2.0 blindtext-Package

(/usr/share/texlive/texmf-dist/tex/latex/tools/xspace.sty
Package: xspace 2014/10/28 v1.13 Space after command names (DPC,MH)
)
\c@blindtext=\count100
\c@Blindtext=\count101
\c@blind@countparstart=\count102
\blind@countxx=\count103
\blindtext@numBlindtext=\count104
\blind@countyy=\count105
\c@blindlist=\count106
\c@blindlistlevel=\count107
\c@blindlist@level=\count108
\blind@listitem=\count109
\c@blind@listcount=\count110
\c@blind@levelcount=\count111
\blind@mathformula=\count112
\blind@Mathformula=\count113
\c@blind@randomcount=\count114
\c@blind@randommax=\count115
\c@blind@pangramcount=\count116
\c@blind@pangrammax=\count117
)
(/usr/share/texlive/texmf-dist/tex/latex/setspace/setspace.sty
Package: setspace 2011/12/19 v6.7a set line spacing
)
(/usr/share/texlive/texmf-dist/tex/latex/sectsty/sectsty.sty
Package: sectsty 2002/02/25 v2.0.2 Commands to change all sectional heading sty
les
))
(./formatos/cab-foot.tex
(/usr/share/texlive/texmf-dist/tex/latex/fancyhdr/fancyhdr.sty
Package: fancyhdr 2017/06/30 v3.9a Extensive control of page headers and footer
s
\f@nch@headwidth=\skip54
\f@nch@O@elh=\skip55
\f@nch@O@erh=\skip56
\f@nch@O@olh=\skip57
\f@nch@O@orh=\skip58
\f@nch@O@elf=\skip59
\f@nch@O@erf=\skip60
\f@nch@O@olf=\skip61
\f@nch@O@orf=\skip62
))
(./formatos/code.tex
(/usr/share/texlive/texmf-dist/tex/latex/listings/listings.sty
\lst@mode=\count118
\lst@gtempboxa=\box27
\lst@token=\toks20
\lst@length=\count119
\lst@currlwidth=\dimen125
\lst@column=\count120
\lst@pos=\count121
\lst@lostspace=\dimen126
\lst@width=\dimen127
\lst@newlines=\count122
\lst@lineno=\count123
\lst@maxwidth=\dimen128

(/usr/share/texlive/texmf-dist/tex/latex/listings/lstmisc.sty
File: lstmisc.sty 2015/06/04 1.6 (Carsten Heinz)
\c@lstnumber=\count124
\lst@skipnumbers=\count125
\lst@framebox=\box28
)
(/usr/share/texlive/texmf-dist/tex/latex/listings/listings.cfg
File: listings.cfg 2015/06/04 1.6 listings configuration
))
Package: listings 2015/06/04 1.6 (Carsten Heinz)
) (./main.aux
LaTeX Info: Redefining \. on input line 6.
LaTeX Info: Redefining \% on input line 6.
LaTeX Info: Redefining \. on input line 10.
LaTeX Info: Redefining \% on input line 10.


LaTeX Warning: Label `gnucilla' multiply defined.


LaTeX Warning: Label `fig:grupo1' multiply defined.


LaTeX Warning: Label `sub@fig:grupo1' multiply defined.


LaTeX Warning: Label `fig:grupo2' multiply defined.


LaTeX Warning: Label `sub@fig:grupo2' multiply defined.


LaTeX Warning: Label `fig:grupo3' multiply defined.


LaTeX Warning: Label `sub@fig:grupo3' multiply defined.


LaTeX Warning: Label `fig:Imagenes en grupo-label' multiply defined.


LaTeX Warning: Label `gnuimage-label' multiply defined.


LaTeX Warning: Label `cod:config' multiply defined.


LaTeX Warning: Label `gnucilla' multiply defined.


LaTeX Warning: Label `fig:grupo1' multiply defined.


LaTeX Warning: Label `sub@fig:grupo1' multiply defined.


LaTeX Warning: Label `fig:grupo2' multiply defined.


LaTeX Warning: Label `sub@fig:grupo2' multiply defined.


LaTeX Warning: Label `fig:grupo3' multiply defined.


LaTeX Warning: Label `sub@fig:grupo3' multiply defined.


LaTeX Warning: Label `fig:Imagenes en grupo-label' multiply defined.


LaTeX Warning: Label `gnuimage-label' multiply defined.


LaTeX Warning: Label `cod:config' multiply defined.


LaTeX Warning: Label `gnucilla' multiply defined.


LaTeX Warning: Label `fig:grupo1' multiply defined.


LaTeX Warning: Label `sub@fig:grupo1' multiply defined.


LaTeX Warning: Label `fig:grupo2' multiply defined.


LaTeX Warning: Label `sub@fig:grupo2' multiply defined.


LaTeX Warning: Label `fig:grupo3' multiply defined.


LaTeX Warning: Label `sub@fig:grupo3' multiply defined.


LaTeX Warning: Label `fig:Imagenes en grupo-label' multiply defined.


LaTeX Warning: Label `gnuimage-label' multiply defined.


LaTeX Warning: Label `cod:config' multiply defined.


LaTeX Warning: Label `cod:config' multiply defined.

)
\openout1 = `main.aux'.

LaTeX Font Info:    Checking defaults for OML/cmm/m/it on input line 47.
LaTeX Font Info:    ... okay on input line 47.
LaTeX Font Info:    Checking defaults for T1/cmr/m/n on input line 47.
LaTeX Font Info:    ... okay on input line 47.
LaTeX Font Info:    Checking defaults for OT1/cmr/m/n on input line 47.
LaTeX Font Info:    ... okay on input line 47.
LaTeX Font Info:    Checking defaults for OMS/cmsy/m/n on input line 47.
LaTeX Font Info:    ... okay on input line 47.
LaTeX Font Info:    Checking defaults for OMX/cmex/m/n on input line 47.
LaTeX Font Info:    ... okay on input line 47.
LaTeX Font Info:    Checking defaults for U/cmr/m/n on input line 47.
LaTeX Font Info:    ... okay on input line 47.
LaTeX Font Info:    Try loading font information for OT1+phv on input line 47.
 (/usr/share/texlive/texmf-dist/tex/latex/psnfss/ot1phv.fd
File: ot1phv.fd 2001/06/04 scalable font definitions for OT1/phv.
)
\AtBeginShipoutBox=\box29

(/usr/share/texlive/texmf-dist/tex/context/base/mkii/supp-pdf.mkii
[Loading MPS to PDF converter (version 2006.09.02).]
\scratchcounter=\count126
\scratchdimen=\dimen129
\scratchbox=\box30
\nofMPsegments=\count127
\nofMParguments=\count128
\everyMPshowfont=\toks21
\MPscratchCnt=\count129
\MPscratchDim=\dimen130
\MPnumerator=\count130
\makeMPintoPDFobject=\count131
\everyMPtoPDFconversion=\toks22
) (/usr/share/texlive/texmf-dist/tex/latex/oberdiek/epstopdf-base.sty
Package: epstopdf-base 2016/05/15 v2.6 Base part for package epstopdf

(/usr/share/texlive/texmf-dist/tex/latex/oberdiek/grfext.sty
Package: grfext 2016/05/16 v1.2 Manage graphics extensions (HO)
)
(/usr/share/texlive/texmf-dist/tex/latex/oberdiek/kvoptions.sty
Package: kvoptions 2016/05/16 v3.12 Key value format for package options (HO)
)
Package epstopdf-base Info: Redefining graphics rule for `.eps' on input line 4
38.
Package grfext Info: Graphics extension search list:
(grfext)             [.pdf,.png,.jpg,.mps,.jpeg,.jbig2,.jb2,.PDF,.PNG,.JPG,.JPE
G,.JBIG2,.JB2,.eps]
(grfext)             \AppendGraphicsExtensions on input line 456.

(/usr/share/texlive/texmf-dist/tex/latex/latexconfig/epstopdf-sys.cfg
File: epstopdf-sys.cfg 2010/07/13 v1.3 Configuration of (r)epstopdf for TeX Liv
e
))
LaTeX Info: Redefining \. on input line 47.
LaTeX Info: Redefining \% on input line 47.
Package caption Info: Begin \AtBeginDocument code.
Package caption Info: listings package is loaded.
Package caption Info: End \AtBeginDocument code.

*geometry* driver: auto-detecting
*geometry* detected driver: pdftex
*geometry* verbose mode - [ preamble ] result:
* driver: pdftex
* paper: a4paper
* layout: <same size as paper>
* layoutoffset:(h,v)=(0.0pt,0.0pt)
* modes: 
* h-part:(L,W,R)=(85.35826pt, 455.24411pt, 56.9055pt)
* v-part:(T,H,B)=(85.35826pt, 702.78308pt, 56.9055pt)
* \paperwidth=597.50787pt
* \paperheight=845.04684pt
* \textwidth=455.24411pt
* \textheight=702.78308pt
* \oddsidemargin=13.08827pt
* \evensidemargin=13.08827pt
* \topmargin=-18.78552pt
* \headheight=12.0pt
* \headsep=19.8738pt
* \topskip=11.0pt
* \footskip=27.46295pt
* \marginparwidth=53.0pt
* \marginparsep=7.0pt
* \columnsep=10.0pt
* \skip\footins=10.0pt plus 4.0pt minus 2.0pt
* \hoffset=0.0pt
* \voffset=0.0pt
* \mag=1000
* \@twocolumnfalse
* \@twosidefalse
* \@mparswitchfalse
* \@reversemarginfalse
* (1in=72.27pt=25.4mm, 1cm=28.453pt)

\c@lstlisting=\count132
(./formatos/portada.tex
<../utiles/portada.pdf, id=1, 597.432pt x 845.07718pt>
File: ../utiles/portada.pdf Graphic file (type pdf)
<use ../utiles/portada.pdf>
Package pdftex.def Info: ../utiles/portada.pdf  used on input line 7.
(pdftex.def)             Requested size: 603.40157pt x 853.52122pt.
 [1


 <../utiles/portada.pdf{/var/lib/texmf/fonts/map/pdftex/updmap/pdftex.map}>]) (
./formatos/titulo.tex
LaTeX Font Info:    Font shape `OT1/phv/bx/n' in size <24.88> not available
(Font)              Font shape `OT1/phv/b/n' tried instead on input line 7.
LaTeX Font Info:    Font shape `OT1/phv/bx/n' in size <20.74> not available
(Font)              Font shape `OT1/phv/b/n' tried instead on input line 9.
LaTeX Font Info:    Font shape `OT1/phv/m/it' in size <14.4> not available
(Font)              Font shape `OT1/phv/m/sl' tried instead on input line 11.
<../imagenes/abastos_logo.png, id=33, 90.3375pt x 90.3375pt>
File: ../imagenes/abastos_logo.png Graphic file (type png)
<use ../imagenes/abastos_logo.png>
Package pdftex.def Info: ../imagenes/abastos_logo.png  used on input line 21.
(pdftex.def)             Requested size: 68.28383pt x 68.28365pt.
 [1

 <../imagenes/abastos_logo.png>]) (../varios/varios-str.tex (../varios/lft.tex
LaTeX Font Info:    Font shape `OT1/phv/bx/n' in size <12> not available
(Font)              Font shape `OT1/phv/b/n' tried instead on input line 4.
LaTeX Font Info:    Try loading font information for OMS+phv on input line 10.

(/usr/share/texlive/texmf-dist/tex/latex/psnfss/omsphv.fd
File: omsphv.fd 
)
LaTeX Font Info:    Font shape `OMS/phv/m/n' in size <10.95> not available
(Font)              Font shape `OMS/cmsy/m/n' tried instead on input line 10.
LaTeX Font Info:    External font `cmex10' loaded for size
(Font)              <10.95> on input line 10.
LaTeX Font Info:    External font `cmex10' loaded for size
(Font)              <8> on input line 10.
LaTeX Font Info:    External font `cmex10' loaded for size
(Font)              <6> on input line 10.
) [1

]
(../varios/int.tex
LaTeX Font Info:    Font shape `OT1/phv/bx/n' in size <14.4> not available
(Font)              Font shape `OT1/phv/b/n' tried instead on input line 1.
LaTeX Font Info:    Font shape `OT1/phv/bx/n' in size <10.95> not available
(Font)              Font shape `OT1/phv/b/n' tried instead on input line 9.
 [2

]))

Package Fancyhdr Warning: \headheight is too small (12.0pt): 
 Make it at least 13.59999pt.
 We now make it that large for the rest of the document.
 This may cause the page layout to be inconsistent, however.

[3] (./main.toc
LaTeX Info: Redefining \. on input line 1.
LaTeX Info: Redefining \% on input line 1.
LaTeX Info: Redefining \. on input line 2.
LaTeX Info: Redefining \% on input line 2.
LaTeX Font Info:    Font shape `OT1/phv/bx/n' in size <10> not available
(Font)              Font shape `OT1/phv/b/n' tried instead on input line 3.
 [4

]
Overfull \hbox (1.29184pt too wide) detected at line 41
 []\OT1/phv/m/n/10.95 100
 []


Overfull \hbox (1.29184pt too wide) detected at line 43
 []\OT1/phv/m/n/10.95 103
 []


Overfull \hbox (1.29184pt too wide) detected at line 44
 []\OT1/phv/m/n/10.95 103
 []


Overfull \hbox (1.29184pt too wide) detected at line 45
 []\OT1/phv/m/n/10.95 104
 []


Overfull \hbox (1.29184pt too wide) detected at line 46
 []\OT1/phv/m/n/10.95 105
 []


Overfull \hbox (1.29184pt too wide) detected at line 47
 []\OT1/phv/m/n/10.95 106
 []


Overfull \hbox (1.29184pt too wide) detected at line 48
 []\OT1/phv/m/n/10.95 106
 []


Overfull \hbox (1.29184pt too wide) detected at line 49
 []\OT1/phv/m/n/10.95 106
 []


Package Fancyhdr Warning: \headheight is too small (12.0pt): 
 Make it at least 13.59999pt.
 We now make it that large for the rest of the document.
 This may cause the page layout to be inconsistent, however.

[5]
Overfull \hbox (1.29184pt too wide) detected at line 51
 []\OT1/phv/m/n/10.95 113
 []


Overfull \hbox (1.29184pt too wide) detected at line 52
 []\OT1/phv/m/n/10.95 121
 []


Overfull \hbox (1.29184pt too wide) detected at line 59
 []\OT1/phv/m/n/10.95 129
 []


Overfull \hbox (1.29184pt too wide) detected at line 60
 []\OT1/phv/m/n/10.95 131
 []


Overfull \hbox (1.29184pt too wide) detected at line 61
 []\OT1/phv/m/n/10.95 131
 []


Overfull \hbox (1.29184pt too wide) detected at line 62
 []\OT1/phv/m/n/10.95 132
 []


Overfull \hbox (1.29184pt too wide) detected at line 63
 []\OT1/phv/m/n/10.95 133
 []


Overfull \hbox (1.29184pt too wide) detected at line 64
 []\OT1/phv/m/n/10.95 134
 []


Overfull \hbox (1.29184pt too wide) detected at line 65
 []\OT1/phv/m/n/10.95 134
 []


Overfull \hbox (1.29184pt too wide) detected at line 66
 []\OT1/phv/m/n/10.95 134
 []


Overfull \hbox (1.29184pt too wide) detected at line 67
 []\OT1/phv/m/n/10.95 135
 []


Overfull \hbox (0.16382pt too wide) detected at line 68
\OT1/phv/m/n/10.95 B.10. 
 []


Overfull \hbox (1.29184pt too wide) detected at line 68
 []\OT1/phv/m/n/10.95 135
 []


Overfull \hbox (0.16382pt too wide) detected at line 69
\OT1/phv/m/n/10.95 B.11. 
 []


Overfull \hbox (1.29184pt too wide) detected at line 69
 []\OT1/phv/m/n/10.95 136
 []


Overfull \hbox (1.29184pt too wide) detected at line 71
 []\OT1/phv/m/n/10.95 138
 []


Overfull \hbox (1.29184pt too wide) detected at line 72
 []\OT1/phv/m/n/10.95 139
 []


Overfull \hbox (1.29184pt too wide) detected at line 73
 []\OT1/phv/m/n/10.95 140
 []


Overfull \hbox (1.29184pt too wide) detected at line 74
 []\OT1/phv/m/n/10.95 140
 []


Package Fancyhdr Warning: \headheight is too small (12.0pt): 
 Make it at least 13.59999pt.
 We now make it that large for the rest of the document.
 This may cause the page layout to be inconsistent, however.

[6]
Overfull \hbox (1.29184pt too wide) detected at line 75
 []\OT1/phv/m/n/10.95 140
 []


Overfull \hbox (1.29184pt too wide) detected at line 76
 []\OT1/phv/m/n/10.95 141
 []


Overfull \hbox (1.29184pt too wide) detected at line 77
 []\OT1/phv/m/n/10.95 141
 []


Overfull \hbox (1.29184pt too wide) detected at line 78
 []\OT1/phv/m/n/10.95 143
 []


Overfull \hbox (1.29184pt too wide) detected at line 79
 []\OT1/phv/m/n/10.95 144
 []


Overfull \hbox (0.65663pt too wide) detected at line 80
\OT1/phv/m/n/10.95 C.10. 
 []


Overfull \hbox (1.29184pt too wide) detected at line 80
 []\OT1/phv/m/n/10.95 144
 []


Overfull \hbox (0.65663pt too wide) detected at line 81
\OT1/phv/m/n/10.95 C.11. 
 []


Overfull \hbox (1.29184pt too wide) detected at line 81
 []\OT1/phv/m/n/10.95 144
 []


Overfull \hbox (0.65663pt too wide) detected at line 82
\OT1/phv/m/n/10.95 C.12. 
 []


Overfull \hbox (1.29184pt too wide) detected at line 82
 []\OT1/phv/m/n/10.95 145
 []


Overfull \hbox (0.65663pt too wide) detected at line 83
\OT1/phv/m/n/10.95 C.13. 
 []


Overfull \hbox (1.29184pt too wide) detected at line 83
 []\OT1/phv/m/n/10.95 146
 []


Overfull \hbox (0.65663pt too wide) detected at line 84
\OT1/phv/m/n/10.95 C.14. 
 []


Overfull \hbox (1.29184pt too wide) detected at line 84
 []\OT1/phv/m/n/10.95 146
 []


Overfull \hbox (0.65663pt too wide) detected at line 85
\OT1/phv/m/n/10.95 C.15. 
 []


Overfull \hbox (1.29184pt too wide) detected at line 85
 []\OT1/phv/m/n/10.95 147
 []


Overfull \hbox (0.65663pt too wide) detected at line 86
\OT1/phv/m/n/10.95 C.16. 
 []


Overfull \hbox (1.29184pt too wide) detected at line 86
 []\OT1/phv/m/n/10.95 147
 []


Overfull \hbox (0.65663pt too wide) detected at line 87
\OT1/phv/m/n/10.95 C.17. 
 []


Overfull \hbox (1.29184pt too wide) detected at line 87
 []\OT1/phv/m/n/10.95 147
 []


Overfull \hbox (0.65663pt too wide) detected at line 88
\OT1/phv/m/n/10.95 C.18. 
 []


Overfull \hbox (1.29184pt too wide) detected at line 88
 []\OT1/phv/m/n/10.95 148
 []

)
\tf@toc=\write3
\openout3 = `main.toc'.



Package Fancyhdr Warning: \headheight is too small (12.0pt): 
 Make it at least 13.59999pt.
 We now make it that large for the rest of the document.
 This may cause the page layout to be inconsistent, however.

[7] (../capitulos/book-str.tex (../capitulos/part1.tex [8

])
(../capitulos/capej.tex
Cap\'{\i }tulo 1.
LaTeX Font Info:    External font `cmex10' loaded for size
(Font)              <9> on input line 6.
LaTeX Font Info:    External font `cmex10' loaded for size
(Font)              <5> on input line 6.
[9

]

Package Fancyhdr Warning: \headheight is too small (12.0pt): 
 Make it at least 13.59999pt.
 We now make it that large for the rest of the document.
 This may cause the page layout to be inconsistent, however.

[10]

Package Fancyhdr Warning: \headheight is too small (12.0pt): 
 Make it at least 13.59999pt.
 We now make it that large for the rest of the document.
 This may cause the page layout to be inconsistent, however.

[11]

Package Fancyhdr Warning: \headheight is too small (12.0pt): 
 Make it at least 13.59999pt.
 We now make it that large for the rest of the document.
 This may cause the page layout to be inconsistent, however.

[12]
<../imagenes/gnu.png, id=83, 602.25pt x 602.25pt>
File: ../imagenes/gnu.png Graphic file (type png)
<use ../imagenes/gnu.png>
Package pdftex.def Info: ../imagenes/gnu.png  used on input line 56.
(pdftex.def)             Requested size: 85.35826pt x 85.35284pt.
File: ../imagenes/gnu.png Graphic file (type png)
<use ../imagenes/gnu.png>
Package pdftex.def Info: ../imagenes/gnu.png  used on input line 57.
(pdftex.def)             Requested size: 85.35826pt x 85.35284pt.
File: ../imagenes/gnu.png Graphic file (type png)
<use ../imagenes/gnu.png>
Package pdftex.def Info: ../imagenes/gnu.png  used on input line 58.
(pdftex.def)             Requested size: 85.35826pt x 85.35284pt.
File: ../imagenes/gnu.png Graphic file (type png)
<use ../imagenes/gnu.png>
Package pdftex.def Info: ../imagenes/gnu.png  used on input line 60.
(pdftex.def)             Requested size: 170.71652pt x 170.71487pt.

Underfull \hbox (badness 10000) in paragraph at lines 54--61

 []

File: ../imagenes/gnu.png Graphic file (type png)
<use ../imagenes/gnu.png>
Package pdftex.def Info: ../imagenes/gnu.png  used on input line 62.
(pdftex.def)             Requested size: 85.35826pt x 85.35284pt.
File: ../imagenes/gnu.png Graphic file (type png)
<use ../imagenes/gnu.png>
Package pdftex.def Info: ../imagenes/gnu.png  used on input line 63.
(pdftex.def)             Requested size: 85.35826pt x 85.35284pt.

Package Fancyhdr Warning: \headheight is too small (12.0pt): 
 Make it at least 13.59999pt.
 We now make it that large for the rest of the document.
 This may cause the page layout to be inconsistent, however.

[13 <../imagenes/gnu.png>]

Package Fancyhdr Warning: \headheight is too small (12.0pt): 
 Make it at least 13.59999pt.
 We now make it that large for the rest of the document.
 This may cause the page layout to be inconsistent, however.

[14]
File: ../imagenes/gnu.png Graphic file (type png)
<use ../imagenes/gnu.png>
Package pdftex.def Info: ../imagenes/gnu.png  used on input line 84.
(pdftex.def)             Requested size: 301.12425pt x 301.12425pt.
File: ../imagenes/gnu.png Graphic file (type png)
<use ../imagenes/gnu.png>
Package pdftex.def Info: ../imagenes/gnu.png  used on input line 85.
(pdftex.def)             Requested size: 85.35826pt x 85.35284pt.


Package Fancyhdr Warning: \headheight is too small (12.0pt): 
 Make it at least 13.59999pt.
 We now make it that large for the rest of the document.
 This may cause the page layout to be inconsistent, however.

[15]
File: ../imagenes/gnu.png Graphic file (type png)
<use ../imagenes/gnu.png>
Package pdftex.def Info: ../imagenes/gnu.png  used on input line 97.
(pdftex.def)             Requested size: 455.24411pt x 455.26112pt.


Package Fancyhdr Warning: \headheight is too small (12.0pt): 
 Make it at least 13.59999pt.
 We now make it that large for the rest of the document.
 This may cause the page layout to be inconsistent, however.

[16]
File: ../imagenes/gnu.png Graphic file (type png)
<use ../imagenes/gnu.png>
Package pdftex.def Info: ../imagenes/gnu.png  used on input line 106.
(pdftex.def)             Requested size: 182.09486pt x 182.09158pt.


Package Fancyhdr Warning: \headheight is too small (12.0pt): 
 Make it at least 13.59999pt.
 We now make it that large for the rest of the document.
 This may cause the page layout to be inconsistent, however.

[17]
File: ../imagenes/gnu.png Graphic file (type png)
<use ../imagenes/gnu.png>
Package pdftex.def Info: ../imagenes/gnu.png  used on input line 116.
(pdftex.def)             Requested size: 318.66948pt x 318.67636pt.


Package Fancyhdr Warning: \headheight is too small (12.0pt): 
 Make it at least 13.59999pt.
 We now make it that large for the rest of the document.
 This may cause the page layout to be inconsistent, however.

[18]
File: ../imagenes/gnu.png Graphic file (type png)
<use ../imagenes/gnu.png>
Package pdftex.def Info: ../imagenes/gnu.png  used on input line 125.
(pdftex.def)             Requested size: 227.62206pt x 227.62596pt.
File: ../imagenes/gnu.png Graphic file (type png)
<use ../imagenes/gnu.png>
Package pdftex.def Info: ../imagenes/gnu.png  used on input line 134.
(pdftex.def)             Requested size: 227.62206pt x 227.62596pt.


Package Fancyhdr Warning: \headheight is too small (12.0pt): 
 Make it at least 13.59999pt.
 We now make it that large for the rest of the document.
 This may cause the page layout to be inconsistent, however.

[19]
File: ../imagenes/gnu.png Graphic file (type png)
<use ../imagenes/gnu.png>
Package pdftex.def Info: ../imagenes/gnu.png  used on input line 152.
(pdftex.def)             Requested size: 227.62206pt x 227.62596pt.


Package Fancyhdr Warning: \headheight is too small (12.0pt): 
 Make it at least 13.59999pt.
 We now make it that large for the rest of the document.
 This may cause the page layout to be inconsistent, however.

[20]
File: ../imagenes/gnu.png Graphic file (type png)
<use ../imagenes/gnu.png>
Package pdftex.def Info: ../imagenes/gnu.png  used on input line 165.
(pdftex.def)             Requested size: 85.35826pt x 85.35284pt.


LaTeX Warning: `h' float specifier changed to `ht'.


Package Fancyhdr Warning: \headheight is too small (12.0pt): 
 Make it at least 13.59999pt.
 We now make it that large for the rest of the document.
 This may cause the page layout to be inconsistent, however.

[21]
File: ../imagenes/gnu.png Graphic file (type png)
<use ../imagenes/gnu.png>
Package pdftex.def Info: ../imagenes/gnu.png  used on input line 187.
(pdftex.def)             Requested size: 136.57462pt x 136.57558pt.
File: ../imagenes/gnu.png Graphic file (type png)
<use ../imagenes/gnu.png>
Package pdftex.def Info: ../imagenes/gnu.png  used on input line 194.
(pdftex.def)             Requested size: 136.57462pt x 136.57558pt.
File: ../imagenes/gnu.png Graphic file (type png)
<use ../imagenes/gnu.png>
Package pdftex.def Info: ../imagenes/gnu.png  used on input line 201.
(pdftex.def)             Requested size: 136.57462pt x 136.57558pt.


Package Fancyhdr Warning: \headheight is too small (12.0pt): 
 Make it at least 13.59999pt.
 We now make it that large for the rest of the document.
 This may cause the page layout to be inconsistent, however.

[22]
File: ../imagenes/gnu.png Graphic file (type png)
<use ../imagenes/gnu.png>
Package pdftex.def Info: ../imagenes/gnu.png  used on input line 215.
(pdftex.def)             Requested size: 85.35826pt x 85.35284pt.
 (/usr/share/texlive/texmf-dist/tex/latex/listings/lstlang1.sty
File: lstlang1.sty 2015/06/04 1.6 listings language file
)
(/usr/share/texlive/texmf-dist/tex/latex/listings/lstmisc.sty
File: lstmisc.sty 2015/06/04 1.6 (Carsten Heinz)
)

Package Fancyhdr Warning: \headheight is too small (12.0pt): 
 Make it at least 13.59999pt.
 We now make it that large for the rest of the document.
 This may cause the page layout to be inconsistent, however.

[23]
LaTeX Font Info:    Try loading font information for OML+phv on input line 229.

 (/usr/share/texlive/texmf-dist/tex/latex/psnfss/omlphv.fd
File: omlphv.fd 
)
LaTeX Font Info:    Font shape `OML/phv/m/n' in size <10.95> not available
(Font)              Font shape `OML/cmm/m/it' tried instead on input line 229.
LaTeX Font Info:    Font shape `OT1/phv/m/it' in size <10.95> not available
(Font)              Font shape `OT1/phv/m/sl' tried instead on input line 236.

Overfull \hbox (11.22966pt too wide) in paragraph at lines 243--245
[][][][][][][][][][][][][][][][][][][][][][][][][][][][][] 
 []


Package Fancyhdr Warning: \headheight is too small (12.0pt): 
 Make it at least 13.59999pt.
 We now make it that large for the rest of the document.
 This may cause the page layout to be inconsistent, however.

[24] (../archivos-ejercicios/configuraciones/vimrc1
LaTeX Font Info:    Font shape `OMS/phv/m/n' in size <6> not available
(Font)              Font shape `OMS/cmsy/m/n' tried instead on input line 25.


Package Fancyhdr Warning: \headheight is too small (12.0pt): 
 Make it at least 13.59999pt.
 We now make it that large for the rest of the document.
 This may cause the page layout to be inconsistent, however.

[25]
LaTeX Font Info:    Font shape `OML/phv/m/n' in size <6> not available
(Font)              Font shape `OML/cmm/m/it' tried instead on input line 45.
)) (../capitulos/cap1.tex

Package Fancyhdr Warning: \headheight is too small (12.0pt): 
 Make it at least 13.59999pt.
 We now make it that large for the rest of the document.
 This may cause the page layout to be inconsistent, however.

[26]
Cap\'{\i }tulo 2.
[27

]

Package Fancyhdr Warning: \headheight is too small (12.0pt): 
 Make it at least 13.59999pt.
 We now make it that large for the rest of the document.
 This may cause the page layout to be inconsistent, however.

[28]

Package Fancyhdr Warning: \headheight is too small (12.0pt): 
 Make it at least 13.59999pt.
 We now make it that large for the rest of the document.
 This may cause the page layout to be inconsistent, however.

[29]

Package Fancyhdr Warning: \headheight is too small (12.0pt): 
 Make it at least 13.59999pt.
 We now make it that large for the rest of the document.
 This may cause the page layout to be inconsistent, however.

[30]

Package Fancyhdr Warning: \headheight is too small (12.0pt): 
 Make it at least 13.59999pt.
 We now make it that large for the rest of the document.
 This may cause the page layout to be inconsistent, however.

[31]

Package Fancyhdr Warning: \headheight is too small (12.0pt): 
 Make it at least 13.59999pt.
 We now make it that large for the rest of the document.
 This may cause the page layout to be inconsistent, however.

[32]

Package Fancyhdr Warning: \headheight is too small (12.0pt): 
 Make it at least 13.59999pt.
 We now make it that large for the rest of the document.
 This may cause the page layout to be inconsistent, however.

[33]

Package Fancyhdr Warning: \headheight is too small (12.0pt): 
 Make it at least 13.59999pt.
 We now make it that large for the rest of the document.
 This may cause the page layout to be inconsistent, however.

[34]

Package Fancyhdr Warning: \headheight is too small (12.0pt): 
 Make it at least 13.59999pt.
 We now make it that large for the rest of the document.
 This may cause the page layout to be inconsistent, however.

[35]) (../capitulos/capej.tex

Package Fancyhdr Warning: \headheight is too small (12.0pt): 
 Make it at least 13.59999pt.
 We now make it that large for the rest of the document.
 This may cause the page layout to be inconsistent, however.

[36]
Cap\'{\i }tulo 3.
[37

]

Package Fancyhdr Warning: \headheight is too small (12.0pt): 
 Make it at least 13.59999pt.
 We now make it that large for the rest of the document.
 This may cause the page layout to be inconsistent, however.

[38]

Package Fancyhdr Warning: \headheight is too small (12.0pt): 
 Make it at least 13.59999pt.
 We now make it that large for the rest of the document.
 This may cause the page layout to be inconsistent, however.

[39]

Package Fancyhdr Warning: \headheight is too small (12.0pt): 
 Make it at least 13.59999pt.
 We now make it that large for the rest of the document.
 This may cause the page layout to be inconsistent, however.

[40]
File: ../imagenes/gnu.png Graphic file (type png)
<use ../imagenes/gnu.png>
Package pdftex.def Info: ../imagenes/gnu.png  used on input line 56.
(pdftex.def)             Requested size: 85.35826pt x 85.35284pt.
File: ../imagenes/gnu.png Graphic file (type png)
<use ../imagenes/gnu.png>
Package pdftex.def Info: ../imagenes/gnu.png  used on input line 57.
(pdftex.def)             Requested size: 85.35826pt x 85.35284pt.
File: ../imagenes/gnu.png Graphic file (type png)
<use ../imagenes/gnu.png>
Package pdftex.def Info: ../imagenes/gnu.png  used on input line 58.
(pdftex.def)             Requested size: 85.35826pt x 85.35284pt.
File: ../imagenes/gnu.png Graphic file (type png)
<use ../imagenes/gnu.png>
Package pdftex.def Info: ../imagenes/gnu.png  used on input line 60.
(pdftex.def)             Requested size: 170.71652pt x 170.71487pt.

Underfull \hbox (badness 10000) in paragraph at lines 54--61

 []

File: ../imagenes/gnu.png Graphic file (type png)
<use ../imagenes/gnu.png>
Package pdftex.def Info: ../imagenes/gnu.png  used on input line 62.
(pdftex.def)             Requested size: 85.35826pt x 85.35284pt.
File: ../imagenes/gnu.png Graphic file (type png)
<use ../imagenes/gnu.png>
Package pdftex.def Info: ../imagenes/gnu.png  used on input line 63.
(pdftex.def)             Requested size: 85.35826pt x 85.35284pt.

Package Fancyhdr Warning: \headheight is too small (12.0pt): 
 Make it at least 13.59999pt.
 We now make it that large for the rest of the document.
 This may cause the page layout to be inconsistent, however.

[41]

Package Fancyhdr Warning: \headheight is too small (12.0pt): 
 Make it at least 13.59999pt.
 We now make it that large for the rest of the document.
 This may cause the page layout to be inconsistent, however.

[42]
File: ../imagenes/gnu.png Graphic file (type png)
<use ../imagenes/gnu.png>
Package pdftex.def Info: ../imagenes/gnu.png  used on input line 84.
(pdftex.def)             Requested size: 301.12425pt x 301.12425pt.
File: ../imagenes/gnu.png Graphic file (type png)
<use ../imagenes/gnu.png>
Package pdftex.def Info: ../imagenes/gnu.png  used on input line 85.
(pdftex.def)             Requested size: 85.35826pt x 85.35284pt.


Package Fancyhdr Warning: \headheight is too small (12.0pt): 
 Make it at least 13.59999pt.
 We now make it that large for the rest of the document.
 This may cause the page layout to be inconsistent, however.

[43]
File: ../imagenes/gnu.png Graphic file (type png)
<use ../imagenes/gnu.png>
Package pdftex.def Info: ../imagenes/gnu.png  used on input line 97.
(pdftex.def)             Requested size: 455.24411pt x 455.26112pt.


Package Fancyhdr Warning: \headheight is too small (12.0pt): 
 Make it at least 13.59999pt.
 We now make it that large for the rest of the document.
 This may cause the page layout to be inconsistent, however.

[44]
File: ../imagenes/gnu.png Graphic file (type png)
<use ../imagenes/gnu.png>
Package pdftex.def Info: ../imagenes/gnu.png  used on input line 106.
(pdftex.def)             Requested size: 182.09486pt x 182.09158pt.


Package Fancyhdr Warning: \headheight is too small (12.0pt): 
 Make it at least 13.59999pt.
 We now make it that large for the rest of the document.
 This may cause the page layout to be inconsistent, however.

[45]
File: ../imagenes/gnu.png Graphic file (type png)
<use ../imagenes/gnu.png>
Package pdftex.def Info: ../imagenes/gnu.png  used on input line 116.
(pdftex.def)             Requested size: 318.66948pt x 318.67636pt.


Package Fancyhdr Warning: \headheight is too small (12.0pt): 
 Make it at least 13.59999pt.
 We now make it that large for the rest of the document.
 This may cause the page layout to be inconsistent, however.

[46]
File: ../imagenes/gnu.png Graphic file (type png)
<use ../imagenes/gnu.png>
Package pdftex.def Info: ../imagenes/gnu.png  used on input line 125.
(pdftex.def)             Requested size: 227.62206pt x 227.62596pt.
File: ../imagenes/gnu.png Graphic file (type png)
<use ../imagenes/gnu.png>
Package pdftex.def Info: ../imagenes/gnu.png  used on input line 134.
(pdftex.def)             Requested size: 227.62206pt x 227.62596pt.


Package Fancyhdr Warning: \headheight is too small (12.0pt): 
 Make it at least 13.59999pt.
 We now make it that large for the rest of the document.
 This may cause the page layout to be inconsistent, however.

[47]
File: ../imagenes/gnu.png Graphic file (type png)
<use ../imagenes/gnu.png>
Package pdftex.def Info: ../imagenes/gnu.png  used on input line 152.
(pdftex.def)             Requested size: 227.62206pt x 227.62596pt.


Package Fancyhdr Warning: \headheight is too small (12.0pt): 
 Make it at least 13.59999pt.
 We now make it that large for the rest of the document.
 This may cause the page layout to be inconsistent, however.

[48]
File: ../imagenes/gnu.png Graphic file (type png)
<use ../imagenes/gnu.png>
Package pdftex.def Info: ../imagenes/gnu.png  used on input line 165.
(pdftex.def)             Requested size: 85.35826pt x 85.35284pt.


LaTeX Warning: `h' float specifier changed to `ht'.


Package Fancyhdr Warning: \headheight is too small (12.0pt): 
 Make it at least 13.59999pt.
 We now make it that large for the rest of the document.
 This may cause the page layout to be inconsistent, however.

[49]
File: ../imagenes/gnu.png Graphic file (type png)
<use ../imagenes/gnu.png>
Package pdftex.def Info: ../imagenes/gnu.png  used on input line 187.
(pdftex.def)             Requested size: 136.57462pt x 136.57558pt.
File: ../imagenes/gnu.png Graphic file (type png)
<use ../imagenes/gnu.png>
Package pdftex.def Info: ../imagenes/gnu.png  used on input line 194.
(pdftex.def)             Requested size: 136.57462pt x 136.57558pt.
File: ../imagenes/gnu.png Graphic file (type png)
<use ../imagenes/gnu.png>
Package pdftex.def Info: ../imagenes/gnu.png  used on input line 201.
(pdftex.def)             Requested size: 136.57462pt x 136.57558pt.


Package Fancyhdr Warning: \headheight is too small (12.0pt): 
 Make it at least 13.59999pt.
 We now make it that large for the rest of the document.
 This may cause the page layout to be inconsistent, however.

[50]
File: ../imagenes/gnu.png Graphic file (type png)
<use ../imagenes/gnu.png>
Package pdftex.def Info: ../imagenes/gnu.png  used on input line 215.
(pdftex.def)             Requested size: 85.35826pt x 85.35284pt.


Package Fancyhdr Warning: \headheight is too small (12.0pt): 
 Make it at least 13.59999pt.
 We now make it that large for the rest of the document.
 This may cause the page layout to be inconsistent, however.

[51]

Package Fancyhdr Warning: \headheight is too small (12.0pt): 
 Make it at least 13.59999pt.
 We now make it that large for the rest of the document.
 This may cause the page layout to be inconsistent, however.

[52] (../archivos-ejercicios/configuraciones/vimrc1)

Package Fancyhdr Warning: \headheight is too small (12.0pt): 
 Make it at least 13.59999pt.
 We now make it that large for the rest of the document.
 This may cause the page layout to be inconsistent, however.

[53]) (../capitulos/part2.tex

Package Fancyhdr Warning: \headheight is too small (12.0pt): 
 Make it at least 13.59999pt.
 We now make it that large for the rest of the document.
 This may cause the page layout to be inconsistent, however.

[54] [55

]) (../capitulos/cap1.tex
Cap\'{\i }tulo 4.
[56

]

Package Fancyhdr Warning: \headheight is too small (12.0pt): 
 Make it at least 13.59999pt.
 We now make it that large for the rest of the document.
 This may cause the page layout to be inconsistent, however.

[57]

Package Fancyhdr Warning: \headheight is too small (12.0pt): 
 Make it at least 13.59999pt.
 We now make it that large for the rest of the document.
 This may cause the page layout to be inconsistent, however.

[58]

Package Fancyhdr Warning: \headheight is too small (12.0pt): 
 Make it at least 13.59999pt.
 We now make it that large for the rest of the document.
 This may cause the page layout to be inconsistent, however.

[59]

Package Fancyhdr Warning: \headheight is too small (12.0pt): 
 Make it at least 13.59999pt.
 We now make it that large for the rest of the document.
 This may cause the page layout to be inconsistent, however.

[60]

Package Fancyhdr Warning: \headheight is too small (12.0pt): 
 Make it at least 13.59999pt.
 We now make it that large for the rest of the document.
 This may cause the page layout to be inconsistent, however.

[61]

Package Fancyhdr Warning: \headheight is too small (12.0pt): 
 Make it at least 13.59999pt.
 We now make it that large for the rest of the document.
 This may cause the page layout to be inconsistent, however.

[62]

Package Fancyhdr Warning: \headheight is too small (12.0pt): 
 Make it at least 13.59999pt.
 We now make it that large for the rest of the document.
 This may cause the page layout to be inconsistent, however.

[63]

Package Fancyhdr Warning: \headheight is too small (12.0pt): 
 Make it at least 13.59999pt.
 We now make it that large for the rest of the document.
 This may cause the page layout to be inconsistent, however.

[64]) (../capitulos/capej.tex

Package Fancyhdr Warning: \headheight is too small (12.0pt): 
 Make it at least 13.59999pt.
 We now make it that large for the rest of the document.
 This may cause the page layout to be inconsistent, however.

[65]
Cap\'{\i }tulo 5.
[66

]

Package Fancyhdr Warning: \headheight is too small (12.0pt): 
 Make it at least 13.59999pt.
 We now make it that large for the rest of the document.
 This may cause the page layout to be inconsistent, however.

[67]

Package Fancyhdr Warning: \headheight is too small (12.0pt): 
 Make it at least 13.59999pt.
 We now make it that large for the rest of the document.
 This may cause the page layout to be inconsistent, however.

[68]

Package Fancyhdr Warning: \headheight is too small (12.0pt): 
 Make it at least 13.59999pt.
 We now make it that large for the rest of the document.
 This may cause the page layout to be inconsistent, however.

[69]
File: ../imagenes/gnu.png Graphic file (type png)
<use ../imagenes/gnu.png>
Package pdftex.def Info: ../imagenes/gnu.png  used on input line 56.
(pdftex.def)             Requested size: 85.35826pt x 85.35284pt.
File: ../imagenes/gnu.png Graphic file (type png)
<use ../imagenes/gnu.png>
Package pdftex.def Info: ../imagenes/gnu.png  used on input line 57.
(pdftex.def)             Requested size: 85.35826pt x 85.35284pt.
File: ../imagenes/gnu.png Graphic file (type png)
<use ../imagenes/gnu.png>
Package pdftex.def Info: ../imagenes/gnu.png  used on input line 58.
(pdftex.def)             Requested size: 85.35826pt x 85.35284pt.
File: ../imagenes/gnu.png Graphic file (type png)
<use ../imagenes/gnu.png>
Package pdftex.def Info: ../imagenes/gnu.png  used on input line 60.
(pdftex.def)             Requested size: 170.71652pt x 170.71487pt.

Underfull \hbox (badness 10000) in paragraph at lines 54--61

 []

File: ../imagenes/gnu.png Graphic file (type png)
<use ../imagenes/gnu.png>
Package pdftex.def Info: ../imagenes/gnu.png  used on input line 62.
(pdftex.def)             Requested size: 85.35826pt x 85.35284pt.
File: ../imagenes/gnu.png Graphic file (type png)
<use ../imagenes/gnu.png>
Package pdftex.def Info: ../imagenes/gnu.png  used on input line 63.
(pdftex.def)             Requested size: 85.35826pt x 85.35284pt.

Package Fancyhdr Warning: \headheight is too small (12.0pt): 
 Make it at least 13.59999pt.
 We now make it that large for the rest of the document.
 This may cause the page layout to be inconsistent, however.

[70]

Package Fancyhdr Warning: \headheight is too small (12.0pt): 
 Make it at least 13.59999pt.
 We now make it that large for the rest of the document.
 This may cause the page layout to be inconsistent, however.

[71]
File: ../imagenes/gnu.png Graphic file (type png)
<use ../imagenes/gnu.png>
Package pdftex.def Info: ../imagenes/gnu.png  used on input line 84.
(pdftex.def)             Requested size: 301.12425pt x 301.12425pt.
File: ../imagenes/gnu.png Graphic file (type png)
<use ../imagenes/gnu.png>
Package pdftex.def Info: ../imagenes/gnu.png  used on input line 85.
(pdftex.def)             Requested size: 85.35826pt x 85.35284pt.


Package Fancyhdr Warning: \headheight is too small (12.0pt): 
 Make it at least 13.59999pt.
 We now make it that large for the rest of the document.
 This may cause the page layout to be inconsistent, however.

[72]
File: ../imagenes/gnu.png Graphic file (type png)
<use ../imagenes/gnu.png>
Package pdftex.def Info: ../imagenes/gnu.png  used on input line 97.
(pdftex.def)             Requested size: 455.24411pt x 455.26112pt.


Package Fancyhdr Warning: \headheight is too small (12.0pt): 
 Make it at least 13.59999pt.
 We now make it that large for the rest of the document.
 This may cause the page layout to be inconsistent, however.

[73]
File: ../imagenes/gnu.png Graphic file (type png)
<use ../imagenes/gnu.png>
Package pdftex.def Info: ../imagenes/gnu.png  used on input line 106.
(pdftex.def)             Requested size: 182.09486pt x 182.09158pt.


Package Fancyhdr Warning: \headheight is too small (12.0pt): 
 Make it at least 13.59999pt.
 We now make it that large for the rest of the document.
 This may cause the page layout to be inconsistent, however.

[74]
File: ../imagenes/gnu.png Graphic file (type png)
<use ../imagenes/gnu.png>
Package pdftex.def Info: ../imagenes/gnu.png  used on input line 116.
(pdftex.def)             Requested size: 318.66948pt x 318.67636pt.


Package Fancyhdr Warning: \headheight is too small (12.0pt): 
 Make it at least 13.59999pt.
 We now make it that large for the rest of the document.
 This may cause the page layout to be inconsistent, however.

[75]
File: ../imagenes/gnu.png Graphic file (type png)
<use ../imagenes/gnu.png>
Package pdftex.def Info: ../imagenes/gnu.png  used on input line 125.
(pdftex.def)             Requested size: 227.62206pt x 227.62596pt.
File: ../imagenes/gnu.png Graphic file (type png)
<use ../imagenes/gnu.png>
Package pdftex.def Info: ../imagenes/gnu.png  used on input line 134.
(pdftex.def)             Requested size: 227.62206pt x 227.62596pt.


Package Fancyhdr Warning: \headheight is too small (12.0pt): 
 Make it at least 13.59999pt.
 We now make it that large for the rest of the document.
 This may cause the page layout to be inconsistent, however.

[76]
File: ../imagenes/gnu.png Graphic file (type png)
<use ../imagenes/gnu.png>
Package pdftex.def Info: ../imagenes/gnu.png  used on input line 152.
(pdftex.def)             Requested size: 227.62206pt x 227.62596pt.


Package Fancyhdr Warning: \headheight is too small (12.0pt): 
 Make it at least 13.59999pt.
 We now make it that large for the rest of the document.
 This may cause the page layout to be inconsistent, however.

[77]
File: ../imagenes/gnu.png Graphic file (type png)
<use ../imagenes/gnu.png>
Package pdftex.def Info: ../imagenes/gnu.png  used on input line 165.
(pdftex.def)             Requested size: 85.35826pt x 85.35284pt.


LaTeX Warning: `h' float specifier changed to `ht'.


Package Fancyhdr Warning: \headheight is too small (12.0pt): 
 Make it at least 13.59999pt.
 We now make it that large for the rest of the document.
 This may cause the page layout to be inconsistent, however.

[78]
File: ../imagenes/gnu.png Graphic file (type png)
<use ../imagenes/gnu.png>
Package pdftex.def Info: ../imagenes/gnu.png  used on input line 187.
(pdftex.def)             Requested size: 136.57462pt x 136.57558pt.
File: ../imagenes/gnu.png Graphic file (type png)
<use ../imagenes/gnu.png>
Package pdftex.def Info: ../imagenes/gnu.png  used on input line 194.
(pdftex.def)             Requested size: 136.57462pt x 136.57558pt.
File: ../imagenes/gnu.png Graphic file (type png)
<use ../imagenes/gnu.png>
Package pdftex.def Info: ../imagenes/gnu.png  used on input line 201.
(pdftex.def)             Requested size: 136.57462pt x 136.57558pt.


Package Fancyhdr Warning: \headheight is too small (12.0pt): 
 Make it at least 13.59999pt.
 We now make it that large for the rest of the document.
 This may cause the page layout to be inconsistent, however.

[79]
File: ../imagenes/gnu.png Graphic file (type png)
<use ../imagenes/gnu.png>
Package pdftex.def Info: ../imagenes/gnu.png  used on input line 215.
(pdftex.def)             Requested size: 85.35826pt x 85.35284pt.


Package Fancyhdr Warning: \headheight is too small (12.0pt): 
 Make it at least 13.59999pt.
 We now make it that large for the rest of the document.
 This may cause the page layout to be inconsistent, however.

[80]

Package Fancyhdr Warning: \headheight is too small (12.0pt): 
 Make it at least 13.59999pt.
 We now make it that large for the rest of the document.
 This may cause the page layout to be inconsistent, however.

[81] (../archivos-ejercicios/configuraciones/vimrc1)

Package Fancyhdr Warning: \headheight is too small (12.0pt): 
 Make it at least 13.59999pt.
 We now make it that large for the rest of the document.
 This may cause the page layout to be inconsistent, however.

[82]) (../capitulos/part3.tex

Package Fancyhdr Warning: \headheight is too small (12.0pt): 
 Make it at least 13.59999pt.
 We now make it that large for the rest of the document.
 This may cause the page layout to be inconsistent, however.

[83] [84

]) (../capitulos/capej.tex
Cap\'{\i }tulo 6.
[85

]

Package Fancyhdr Warning: \headheight is too small (12.0pt): 
 Make it at least 13.59999pt.
 We now make it that large for the rest of the document.
 This may cause the page layout to be inconsistent, however.

[86]

Package Fancyhdr Warning: \headheight is too small (12.0pt): 
 Make it at least 13.59999pt.
 We now make it that large for the rest of the document.
 This may cause the page layout to be inconsistent, however.

[87]

Package Fancyhdr Warning: \headheight is too small (12.0pt): 
 Make it at least 13.59999pt.
 We now make it that large for the rest of the document.
 This may cause the page layout to be inconsistent, however.

[88]
File: ../imagenes/gnu.png Graphic file (type png)
<use ../imagenes/gnu.png>
Package pdftex.def Info: ../imagenes/gnu.png  used on input line 56.
(pdftex.def)             Requested size: 85.35826pt x 85.35284pt.
File: ../imagenes/gnu.png Graphic file (type png)
<use ../imagenes/gnu.png>
Package pdftex.def Info: ../imagenes/gnu.png  used on input line 57.
(pdftex.def)             Requested size: 85.35826pt x 85.35284pt.
File: ../imagenes/gnu.png Graphic file (type png)
<use ../imagenes/gnu.png>
Package pdftex.def Info: ../imagenes/gnu.png  used on input line 58.
(pdftex.def)             Requested size: 85.35826pt x 85.35284pt.
File: ../imagenes/gnu.png Graphic file (type png)
<use ../imagenes/gnu.png>
Package pdftex.def Info: ../imagenes/gnu.png  used on input line 60.
(pdftex.def)             Requested size: 170.71652pt x 170.71487pt.

Underfull \hbox (badness 10000) in paragraph at lines 54--61

 []

File: ../imagenes/gnu.png Graphic file (type png)
<use ../imagenes/gnu.png>
Package pdftex.def Info: ../imagenes/gnu.png  used on input line 62.
(pdftex.def)             Requested size: 85.35826pt x 85.35284pt.
File: ../imagenes/gnu.png Graphic file (type png)
<use ../imagenes/gnu.png>
Package pdftex.def Info: ../imagenes/gnu.png  used on input line 63.
(pdftex.def)             Requested size: 85.35826pt x 85.35284pt.

Package Fancyhdr Warning: \headheight is too small (12.0pt): 
 Make it at least 13.59999pt.
 We now make it that large for the rest of the document.
 This may cause the page layout to be inconsistent, however.

[89]

Package Fancyhdr Warning: \headheight is too small (12.0pt): 
 Make it at least 13.59999pt.
 We now make it that large for the rest of the document.
 This may cause the page layout to be inconsistent, however.

[90]
File: ../imagenes/gnu.png Graphic file (type png)
<use ../imagenes/gnu.png>
Package pdftex.def Info: ../imagenes/gnu.png  used on input line 84.
(pdftex.def)             Requested size: 301.12425pt x 301.12425pt.
File: ../imagenes/gnu.png Graphic file (type png)
<use ../imagenes/gnu.png>
Package pdftex.def Info: ../imagenes/gnu.png  used on input line 85.
(pdftex.def)             Requested size: 85.35826pt x 85.35284pt.


Package Fancyhdr Warning: \headheight is too small (12.0pt): 
 Make it at least 13.59999pt.
 We now make it that large for the rest of the document.
 This may cause the page layout to be inconsistent, however.

[91]
File: ../imagenes/gnu.png Graphic file (type png)
<use ../imagenes/gnu.png>
Package pdftex.def Info: ../imagenes/gnu.png  used on input line 97.
(pdftex.def)             Requested size: 455.24411pt x 455.26112pt.


Package Fancyhdr Warning: \headheight is too small (12.0pt): 
 Make it at least 13.59999pt.
 We now make it that large for the rest of the document.
 This may cause the page layout to be inconsistent, however.

[92]
File: ../imagenes/gnu.png Graphic file (type png)
<use ../imagenes/gnu.png>
Package pdftex.def Info: ../imagenes/gnu.png  used on input line 106.
(pdftex.def)             Requested size: 182.09486pt x 182.09158pt.


Package Fancyhdr Warning: \headheight is too small (12.0pt): 
 Make it at least 13.59999pt.
 We now make it that large for the rest of the document.
 This may cause the page layout to be inconsistent, however.

[93]
File: ../imagenes/gnu.png Graphic file (type png)
<use ../imagenes/gnu.png>
Package pdftex.def Info: ../imagenes/gnu.png  used on input line 116.
(pdftex.def)             Requested size: 318.66948pt x 318.67636pt.


Package Fancyhdr Warning: \headheight is too small (12.0pt): 
 Make it at least 13.59999pt.
 We now make it that large for the rest of the document.
 This may cause the page layout to be inconsistent, however.

[94]
File: ../imagenes/gnu.png Graphic file (type png)
<use ../imagenes/gnu.png>
Package pdftex.def Info: ../imagenes/gnu.png  used on input line 125.
(pdftex.def)             Requested size: 227.62206pt x 227.62596pt.
File: ../imagenes/gnu.png Graphic file (type png)
<use ../imagenes/gnu.png>
Package pdftex.def Info: ../imagenes/gnu.png  used on input line 134.
(pdftex.def)             Requested size: 227.62206pt x 227.62596pt.


Package Fancyhdr Warning: \headheight is too small (12.0pt): 
 Make it at least 13.59999pt.
 We now make it that large for the rest of the document.
 This may cause the page layout to be inconsistent, however.

[95]
File: ../imagenes/gnu.png Graphic file (type png)
<use ../imagenes/gnu.png>
Package pdftex.def Info: ../imagenes/gnu.png  used on input line 152.
(pdftex.def)             Requested size: 227.62206pt x 227.62596pt.


Package Fancyhdr Warning: \headheight is too small (12.0pt): 
 Make it at least 13.59999pt.
 We now make it that large for the rest of the document.
 This may cause the page layout to be inconsistent, however.

[96]
File: ../imagenes/gnu.png Graphic file (type png)
<use ../imagenes/gnu.png>
Package pdftex.def Info: ../imagenes/gnu.png  used on input line 165.
(pdftex.def)             Requested size: 85.35826pt x 85.35284pt.


LaTeX Warning: `h' float specifier changed to `ht'.


Package Fancyhdr Warning: \headheight is too small (12.0pt): 
 Make it at least 13.59999pt.
 We now make it that large for the rest of the document.
 This may cause the page layout to be inconsistent, however.

[97]
File: ../imagenes/gnu.png Graphic file (type png)
<use ../imagenes/gnu.png>
Package pdftex.def Info: ../imagenes/gnu.png  used on input line 187.
(pdftex.def)             Requested size: 136.57462pt x 136.57558pt.
File: ../imagenes/gnu.png Graphic file (type png)
<use ../imagenes/gnu.png>
Package pdftex.def Info: ../imagenes/gnu.png  used on input line 194.
(pdftex.def)             Requested size: 136.57462pt x 136.57558pt.
File: ../imagenes/gnu.png Graphic file (type png)
<use ../imagenes/gnu.png>
Package pdftex.def Info: ../imagenes/gnu.png  used on input line 201.
(pdftex.def)             Requested size: 136.57462pt x 136.57558pt.


Package Fancyhdr Warning: \headheight is too small (12.0pt): 
 Make it at least 13.59999pt.
 We now make it that large for the rest of the document.
 This may cause the page layout to be inconsistent, however.

[98]
File: ../imagenes/gnu.png Graphic file (type png)
<use ../imagenes/gnu.png>
Package pdftex.def Info: ../imagenes/gnu.png  used on input line 215.
(pdftex.def)             Requested size: 85.35826pt x 85.35284pt.


Package Fancyhdr Warning: \headheight is too small (12.0pt): 
 Make it at least 13.59999pt.
 We now make it that large for the rest of the document.
 This may cause the page layout to be inconsistent, however.

[99]

Package Fancyhdr Warning: \headheight is too small (12.0pt): 
 Make it at least 13.59999pt.
 We now make it that large for the rest of the document.
 This may cause the page layout to be inconsistent, however.

[100] (../archivos-ejercicios/configuraciones/vimrc1)

Package Fancyhdr Warning: \headheight is too small (12.0pt): 
 Make it at least 13.59999pt.
 We now make it that large for the rest of the document.
 This may cause the page layout to be inconsistent, however.

[101]) (../capitulos/cap1.tex

Package Fancyhdr Warning: \headheight is too small (12.0pt): 
 Make it at least 13.59999pt.
 We now make it that large for the rest of the document.
 This may cause the page layout to be inconsistent, however.

[102]
Cap\'{\i }tulo 7.
[103

]

Package Fancyhdr Warning: \headheight is too small (12.0pt): 
 Make it at least 13.59999pt.
 We now make it that large for the rest of the document.
 This may cause the page layout to be inconsistent, however.

[104]

Package Fancyhdr Warning: \headheight is too small (12.0pt): 
 Make it at least 13.59999pt.
 We now make it that large for the rest of the document.
 This may cause the page layout to be inconsistent, however.

[105]

Package Fancyhdr Warning: \headheight is too small (12.0pt): 
 Make it at least 13.59999pt.
 We now make it that large for the rest of the document.
 This may cause the page layout to be inconsistent, however.

[106]

Package Fancyhdr Warning: \headheight is too small (12.0pt): 
 Make it at least 13.59999pt.
 We now make it that large for the rest of the document.
 This may cause the page layout to be inconsistent, however.

[107]

Package Fancyhdr Warning: \headheight is too small (12.0pt): 
 Make it at least 13.59999pt.
 We now make it that large for the rest of the document.
 This may cause the page layout to be inconsistent, however.

[108]

Package Fancyhdr Warning: \headheight is too small (12.0pt): 
 Make it at least 13.59999pt.
 We now make it that large for the rest of the document.
 This may cause the page layout to be inconsistent, however.

[109]

Package Fancyhdr Warning: \headheight is too small (12.0pt): 
 Make it at least 13.59999pt.
 We now make it that large for the rest of the document.
 This may cause the page layout to be inconsistent, however.

[110]

Package Fancyhdr Warning: \headheight is too small (12.0pt): 
 Make it at least 13.59999pt.
 We now make it that large for the rest of the document.
 This may cause the page layout to be inconsistent, however.

[111]) (../capitulos/con.tex

Package Fancyhdr Warning: \headheight is too small (12.0pt): 
 Make it at least 13.59999pt.
 We now make it that large for the rest of the document.
 This may cause the page layout to be inconsistent, however.

[112]
Cap\'{\i }tulo 8.
[113

]

Package Fancyhdr Warning: \headheight is too small (12.0pt): 
 Make it at least 13.59999pt.
 We now make it that large for the rest of the document.
 This may cause the page layout to be inconsistent, however.

[114]

Package Fancyhdr Warning: \headheight is too small (12.0pt): 
 Make it at least 13.59999pt.
 We now make it that large for the rest of the document.
 This may cause the page layout to be inconsistent, however.

[115]

Package Fancyhdr Warning: \headheight is too small (12.0pt): 
 Make it at least 13.59999pt.
 We now make it that large for the rest of the document.
 This may cause the page layout to be inconsistent, however.

[116]

Package Fancyhdr Warning: \headheight is too small (12.0pt): 
 Make it at least 13.59999pt.
 We now make it that large for the rest of the document.
 This may cause the page layout to be inconsistent, however.

[117]

Package Fancyhdr Warning: \headheight is too small (12.0pt): 
 Make it at least 13.59999pt.
 We now make it that large for the rest of the document.
 This may cause the page layout to be inconsistent, however.

[118]

Package Fancyhdr Warning: \headheight is too small (12.0pt): 
 Make it at least 13.59999pt.
 We now make it that large for the rest of the document.
 This may cause the page layout to be inconsistent, however.

[119]

Package Fancyhdr Warning: \headheight is too small (12.0pt): 
 Make it at least 13.59999pt.
 We now make it that large for the rest of the document.
 This may cause the page layout to be inconsistent, however.

[120]) (../capitulos/part4.tex

Package Fancyhdr Warning: \headheight is too small (12.0pt): 
 Make it at least 13.59999pt.
 We now make it that large for the rest of the document.
 This may cause the page layout to be inconsistent, however.

[121]

Package Fancyhdr Warning: \headheight is too small (12.0pt): 
 Make it at least 13.59999pt.
 We now make it that large for the rest of the document.
 This may cause the page layout to be inconsistent, however.

[122] [123

]) (../utiles/bibliografia.tex (./main.bbl))
(../utiles/indfiguras.tex [124

] (./main.lof
LaTeX Info: Redefining \. on input line 1.
LaTeX Info: Redefining \% on input line 1.
LaTeX Info: Redefining \. on input line 2.
LaTeX Info: Redefining \% on input line 2.
)
\tf@lof=\write4
\openout4 = `main.lof'.

 [125

] (./main.lol
Overfull \hbox (1.29184pt too wide) detected at line 7
 []\OT1/phv/m/n/10.95 100
 []


Overfull \hbox (1.29184pt too wide) detected at line 8
 []\OT1/phv/m/n/10.95 101
 []


Overfull \hbox (1.29184pt too wide) detected at line 9
 []\OT1/phv/m/n/10.95 128
 []

)
\tf@lol=\write5
\openout5 = `main.lol'.

) (../capitulos/part5.tex [126

] [127

]) (../utiles/apn-str.tex
(../utiles/apn0.tex
Ap\'{e}ndice A.
(../archivos-ejercicios/configuraciones/vimrc1) [128

]) (../utiles/apn1.tex
Ap\'{e}ndice B.
[129

]

Package Fancyhdr Warning: \headheight is too small (12.0pt): 
 Make it at least 13.59999pt.
 We now make it that large for the rest of the document.
 This may cause the page layout to be inconsistent, however.

[130]

Package Fancyhdr Warning: \headheight is too small (12.0pt): 
 Make it at least 13.59999pt.
 We now make it that large for the rest of the document.
 This may cause the page layout to be inconsistent, however.

[131]

Package Fancyhdr Warning: \headheight is too small (12.0pt): 
 Make it at least 13.59999pt.
 We now make it that large for the rest of the document.
 This may cause the page layout to be inconsistent, however.

[132]

Package Fancyhdr Warning: \headheight is too small (12.0pt): 
 Make it at least 13.59999pt.
 We now make it that large for the rest of the document.
 This may cause the page layout to be inconsistent, however.

[133]

Package Fancyhdr Warning: \headheight is too small (12.0pt): 
 Make it at least 13.59999pt.
 We now make it that large for the rest of the document.
 This may cause the page layout to be inconsistent, however.

[134]
Overfull \hbox (41.27792pt too wide) in paragraph at lines 121--122
\OT1/phv/m/n/10.95 ver-sion, but may dif-fer in de-tail to ad-dress new pro-ble
ms or con-cerns. See https://www.gnu.org/licenses/. 
 []


Package Fancyhdr Warning: \headheight is too small (12.0pt): 
 Make it at least 13.59999pt.
 We now make it that large for the rest of the document.
 This may cause the page layout to be inconsistent, however.

[135]) (../utiles/apn2.tex

Package Fancyhdr Warning: \headheight is too small (12.0pt): 
 Make it at least 13.59999pt.
 We now make it that large for the rest of the document.
 This may cause the page layout to be inconsistent, however.

[136]
Ap\'{e}ndice C.
[137

]

Package Fancyhdr Warning: \headheight is too small (12.0pt): 
 Make it at least 13.59999pt.
 We now make it that large for the rest of the document.
 This may cause the page layout to be inconsistent, however.

[138]

Package Fancyhdr Warning: \headheight is too small (12.0pt): 
 Make it at least 13.59999pt.
 We now make it that large for the rest of the document.
 This may cause the page layout to be inconsistent, however.

[139]

Package Fancyhdr Warning: \headheight is too small (12.0pt): 
 Make it at least 13.59999pt.
 We now make it that large for the rest of the document.
 This may cause the page layout to be inconsistent, however.

[140]

Package Fancyhdr Warning: \headheight is too small (12.0pt): 
 Make it at least 13.59999pt.
 We now make it that large for the rest of the document.
 This may cause the page layout to be inconsistent, however.

[141]

Package Fancyhdr Warning: \headheight is too small (12.0pt): 
 Make it at least 13.59999pt.
 We now make it that large for the rest of the document.
 This may cause the page layout to be inconsistent, however.

[142]

Package Fancyhdr Warning: \headheight is too small (12.0pt): 
 Make it at least 13.59999pt.
 We now make it that large for the rest of the document.
 This may cause the page layout to be inconsistent, however.

[143]

Package Fancyhdr Warning: \headheight is too small (12.0pt): 
 Make it at least 13.59999pt.
 We now make it that large for the rest of the document.
 This may cause the page layout to be inconsistent, however.

[144]

Package Fancyhdr Warning: \headheight is too small (12.0pt): 
 Make it at least 13.59999pt.
 We now make it that large for the rest of the document.
 This may cause the page layout to be inconsistent, however.

[145]

Package Fancyhdr Warning: \headheight is too small (12.0pt): 
 Make it at least 13.59999pt.
 We now make it that large for the rest of the document.
 This may cause the page layout to be inconsistent, however.

[146]

Package Fancyhdr Warning: \headheight is too small (12.0pt): 
 Make it at least 13.59999pt.
 We now make it that large for the rest of the document.
 This may cause the page layout to be inconsistent, however.

[147])

Package Fancyhdr Warning: \headheight is too small (12.0pt): 
 Make it at least 13.59999pt.
 We now make it that large for the rest of the document.
 This may cause the page layout to be inconsistent, however.

[148]))

Package Fancyhdr Warning: \headheight is too small (12.0pt): 
 Make it at least 13.59999pt.
 We now make it that large for the rest of the document.
 This may cause the page layout to be inconsistent, however.

[149] (./main.aux
LaTeX Info: Redefining \. on input line 6.
LaTeX Info: Redefining \% on input line 6.
LaTeX Info: Redefining \. on input line 10.
LaTeX Info: Redefining \% on input line 10.
)

LaTeX Warning: There were multiply-defined labels.

 ) 
Here is how much of TeX's memory you used:
 8363 strings out of 494864
 118750 string characters out of 6178864
 396443 words of memory out of 5000000
 11415 multiletter control sequences out of 15000+600000
 37035 words of font info for 62 fonts, out of 8000000 for 9000
 40 hyphenation exceptions out of 8191
 39i,12n,51p,1275b,1684s stack positions out of 5000i,500n,10000p,200000b,80000s
{/usr/share/texlive/texmf-dist/fonts/enc/dvips/base/8r.enc}</usr/share/texliv
e/texmf-dist/fonts/type1/public/amsfonts/cm/cmmi10.pfb></usr/share/texlive/texm
f-dist/fonts/type1/public/amsfonts/cm/cmmi6.pfb></usr/share/texlive/texmf-dist/
fonts/type1/public/amsfonts/cm/cmsy10.pfb></usr/share/texlive/texmf-dist/fonts/
type1/public/amsfonts/cm/cmsy6.pfb></usr/share/texlive/texmf-dist/fonts/type1/p
ublic/amsfonts/cm/cmtt10.pfb></usr/share/texmf/fonts/type1/public/tex-gyre/qcsb
.pfb></usr/share/texlive/texmf-dist/fonts/type1/urw/helvetic/uhvb8a.pfb></usr/s
hare/texlive/texmf-dist/fonts/type1/urw/helvetic/uhvr8a.pfb></usr/share/texlive
/texmf-dist/fonts/type1/urw/helvetic/uhvro8a.pfb>
Output written on main.pdf (151 pages, 9122704 bytes).
PDF statistics:
 558 PDF objects out of 1000 (max. 8388607)
 379 compressed objects within 4 object streams
 0 named destinations out of 1000 (max. 500000)
 16 words of extra memory for PDF output out of 10000 (max. 10000000)

